<?xml version="1.0" encoding="UTF-8" ?>
<testsuite errors="0" failures="0" hostname="Alenka-MB-Pros-MacBook-Pro.local" name="cvut.fit.dpo.pr2.ArithmeticExpressionPrinterTest" tests="8" time="0.083" timestamp="2011-10-28T15:51:58">
  <properties>
    <property name="java.vendor" value="Apple Inc." />
    <property name="sun.java.launcher" value="SUN_STANDARD" />
    <property name="jikes.class.path" value=":/System/Library/Frameworks/JavaVM.framework/Home/../Classes/alt-rt.jar:/System/Library/Frameworks/JavaVM.framework/Home/../Classes/charsets.jar:/System/Library/Frameworks/JavaVM.framework/Home/../Classes/classes.jar:/System/Library/Frameworks/JavaVM.framework/Home/../Classes/dt.jar:/System/Library/Frameworks/JavaVM.framework/Home/../Classes/jce.jar:/System/Library/Frameworks/JavaVM.framework/Home/../Classes/jconsole.jar:/System/Library/Frameworks/JavaVM.framework/Home/../Classes/jsse.jar:/System/Library/Frameworks/JavaVM.framework/Home/../Classes/laf.jar:/System/Library/Frameworks/JavaVM.framework/Home/../Classes/management-agent.jar:/System/Library/Frameworks/JavaVM.framework/Home/../Classes/ui.jar" />
    <property name="sun.management.compiler" value="HotSpot 64-Bit Server Compiler" />
    <property name="os.name" value="Mac OS X" />
    <property name="sun.boot.class.path" value="/System/Library/Frameworks/JavaVM.framework/Versions/1.6.0/Classes/jsfd.jar:/System/Library/Frameworks/JavaVM.framework/Versions/1.6.0/Classes/classes.jar:/System/Library/Frameworks/JavaVM.framework/Frameworks/JavaRuntimeSupport.framework/Resources/Java/JavaRuntimeSupport.jar:/System/Library/Frameworks/JavaVM.framework/Versions/1.6.0/Classes/ui.jar:/System/Library/Frameworks/JavaVM.framework/Versions/1.6.0/Classes/laf.jar:/System/Library/Frameworks/JavaVM.framework/Versions/1.6.0/Classes/sunrsasign.jar:/System/Library/Frameworks/JavaVM.framework/Versions/1.6.0/Classes/jsse.jar:/System/Library/Frameworks/JavaVM.framework/Versions/1.6.0/Classes/jce.jar:/System/Library/Frameworks/JavaVM.framework/Versions/1.6.0/Classes/charsets.jar" />
    <property name="env.TMPDIR" value="/var/folders/ni/niSWw8AcE2mLUtjOOoyCVE+++TI/-Tmp-/" />
    <property name="env.PWD" value="/Users/alenka/School/1.semestr/DPO/semestralka/CBI" />
    <property name="java.vm.specification.vendor" value="Sun Microsystems Inc." />
    <property name="ant.home" value="/usr/share/ant" />
    <property name="java.runtime.version" value="1.6.0_17-b04-248" />
    <property name="env.Apple_PubSub_Socket_Render" value="/tmp/launch-tQhMY5/Render" />
    <property name="env.DISPLAY" value="/tmp/launch-a3z81R/org.x:0" />
    <property name="user.name" value="alenka" />
    <property name="env.USER" value="alenka" />
    <property name="env.SHELL" value="/bin/bash" />
    <property name="env.__CF_USER_TEXT_ENCODING" value="0x1F5:0:0" />
    <property name="awt.nativeDoubleBuffering" value="true" />
    <property name="env.PATH" value="/Users/alenka/local/node/bin:/opt/local/bin:/opt/local/sbin:/usr/bin:/bin:/usr/sbin:/sbin:/usr/local/bin:/usr/local/git/bin:/usr/texbin:/usr/X11/bin" />
    <property name="user.language" value="en" />
    <property name="sun.boot.library.path" value="/System/Library/Frameworks/JavaVM.framework/Versions/1.6.0/Libraries" />
    <property name="ant.project.name" value="2011_pr_composite_builder_iterator" />
    <property name="env.LC_CTYPE" value="UTF-8" />
    <property name="java.version" value="1.6.0_17" />
    <property name="user.timezone" value="" />
    <property name="sun.arch.data.model" value="64" />
    <property name="http.nonProxyHosts" value="local|*.local|169.254/16|*.169.254/16" />
    <property name="java.endorsed.dirs" value="/System/Library/Frameworks/JavaVM.framework/Versions/1.6.0/Home/lib/endorsed" />
    <property name="sun.cpu.isalist" value="" />
    <property name="sun.jnu.encoding" value="MacRoman" />
    <property name="file.encoding.pkg" value="sun.io" />
    <property name="env.SHLVL" value="1" />
    <property name="ECLIPSE_HOME" value="../../../../../../../Applications/eclipse" />
    <property name="file.separator" value="/" />
    <property name="java.specification.name" value="Java Platform API Specification" />
    <property name="java.class.version" value="50.0" />
    <property name="user.country" value="US" />
    <property name="java.home" value="/System/Library/Frameworks/JavaVM.framework/Versions/1.6.0/Home" />
    <property name="java.vm.info" value="mixed mode" />
    <property name="env.LOGNAME" value="alenka" />
    <property name="ant.file" value="/Users/alenka/School/1.semestr/DPO/semestralka/CBI/build.xml" />
    <property name="os.version" value="10.6.7" />
    <property name="env.TERM_PROGRAM_VERSION" value="273.1" />
    <property name="path.separator" value=":" />
    <property name="java.vm.version" value="14.3-b01-101" />
    <property name="ant.library.dir" value="/usr/share/ant/lib" />
    <property name="junit.output.dir" value="junit" />
    <property name="java.awt.printerjob" value="apple.awt.CPrinterJob" />
    <property name="env.TERM" value="xterm-color" />
    <property name="sun.io.unicode.encoding" value="UnicodeLittle" />
    <property name="awt.toolkit" value="apple.awt.CToolkit" />
    <property name="socksNonProxyHosts" value="local|*.local|169.254/16|*.169.254/16" />
    <property name="ftp.nonProxyHosts" value="local|*.local|169.254/16|*.169.254/16" />
    <property name="user.home" value="/Users/alenka" />
    <property name="target" value="1.6" />
    <property name="java.specification.vendor" value="Sun Microsystems Inc." />
    <property name="env.TERM_PROGRAM" value="Apple_Terminal" />
    <property name="env.JAVA_MAIN_CLASS_12213" value="org.apache.tools.ant.launch.Launcher" />
    <property name="java.library.path" value=".:/Library/Java/Extensions:/System/Library/Java/Extensions:/usr/lib/java" />
    <property name="java.vendor.url" value="http://www.apple.com/" />
    <property name="java.vm.vendor" value="Apple Inc." />
    <property name="gopherProxySet" value="false" />
    <property name="ant.file.2011_pr_composite_builder_iterator" value="/Users/alenka/School/1.semestr/DPO/semestralka/CBI/build.xml" />
    <property name="java.runtime.name" value="Java(TM) SE Runtime Environment" />
    <property name="java.class.path" value="/Users/alenka/School/1.semestr/DPO/semestralka/CBI/bin:/Users/alenka/School/1.semestr/DPO/semestralka/CBI/lib/junit-4.9.jar:/usr/share/java/ant-1.7.1/lib/ant-launcher.jar:/usr/share/ant/lib/ant.jar:/usr/share/ant/lib/ant-junit.jar" />
    <property name="ant.version" value="Apache Ant version 1.7.1 compiled on December 2 2009" />
    <property name="java.vm.specification.name" value="Java Virtual Machine Specification" />
    <property name="java.vm.specification.version" value="1.0" />
    <property name="sun.cpu.endian" value="little" />
    <property name="sun.os.patch.level" value="unknown" />
    <property name="debuglevel" value="source,lines,vars" />
    <property name="env.HOME" value="/Users/alenka" />
    <property name="env.LD_LIBRARY_PATH" value="/opt/java/jre/lib/i386/client::/opt/java/jre/lib/i386" />
    <property name="java.io.tmpdir" value="/var/folders/ni/niSWw8AcE2mLUtjOOoyCVE+++TI/-Tmp-/" />
    <property name="java.vendor.url.bug" value="http://bugreport.apple.com/" />
    <property name="env.SSH_AUTH_SOCK" value="/tmp/launch-oy0uCf/Listeners" />
    <property name="env.COMMAND_MODE" value="unix2003" />
    <property name="java.awt.graphicsenv" value="apple.awt.CGraphicsEnvironment" />
    <property name="os.arch" value="x86_64" />
    <property name="java.ext.dirs" value="/Library/Java/Extensions:/System/Library/Java/Extensions:/System/Library/Frameworks/JavaVM.framework/Versions/1.6.0/Home/lib/ext" />
    <property name="user.dir" value="/Users/alenka/School/1.semestr/DPO/semestralka/CBI" />
    <property name="mrj.version" value="1060.1.6.0_17-248" />
    <property name="line.separator" value="
" />
    <property name="java.vm.name" value="Java HotSpot(TM) 64-Bit Server VM" />
    <property name="basedir" value="/Users/alenka/School/1.semestr/DPO/semestralka/CBI" />
    <property name="ant.java.version" value="1.6" />
    <property name="ant.core.lib" value="/usr/share/ant/lib/ant.jar" />
    <property name="source" value="1.6" />
    <property name="file.encoding" value="MacRoman" />
    <property name="java.specification.version" value="1.6" />
  </properties>
  <testcase classname="cvut.fit.dpo.pr2.ArithmeticExpressionPrinterTest" name="testPrintInOrder1" time="0.01" />
  <testcase classname="cvut.fit.dpo.pr2.ArithmeticExpressionPrinterTest" name="testPrintInOrder2" time="0.0010" />
  <testcase classname="cvut.fit.dpo.pr2.ArithmeticExpressionPrinterTest" name="testPrintInOrder3" time="0.0010" />
  <testcase classname="cvut.fit.dpo.pr2.ArithmeticExpressionPrinterTest" name="testPrintInOrder4" time="0.0010" />
  <testcase classname="cvut.fit.dpo.pr2.ArithmeticExpressionPrinterTest" name="testPrintPostOrder1" time="0.0010" />
  <testcase classname="cvut.fit.dpo.pr2.ArithmeticExpressionPrinterTest" name="testPrintPostOrder2" time="0.0" />
  <testcase classname="cvut.fit.dpo.pr2.ArithmeticExpressionPrinterTest" name="testPrintPostOrder3" time="0.0" />
  <testcase classname="cvut.fit.dpo.pr2.ArithmeticExpressionPrinterTest" name="testPrintPostOrder4" time="0.0010" />
  <system-out><![CDATA[]]></system-out>
  <system-err><![CDATA[]]></system-err>
</testsuite>
