<?xml version="1.0" encoding="UTF-8" ?>
<testsuite errors="4" failures="0" hostname="edita" name="cvut.fit.dpo.pr2.ArithmeticExpressionPrinterTest" tests="8" time="0.111" timestamp="2011-09-12T13:14:35">
  <properties>
    <property name="java.vendor" value="Sun Microsystems Inc." />
    <property name="env.SESSION_MANAGER" value="local/edita:@/tmp/.ICE-unix/9220,unix/edita:/tmp/.ICE-unix/9220" />
    <property name="env.LESSOPEN" value="| /usr/bin/lesspipe %s" />
    <property name="sun.java.launcher" value="SUN_STANDARD" />
    <property name="sun.management.compiler" value="HotSpot Tiered Compilers" />
    <property name="os.name" value="Linux" />
    <property name="sun.boot.class.path" value="/usr/lib/jvm/java-6-openjdk/jre/lib/resources.jar:/usr/lib/jvm/java-6-openjdk/jre/lib/rt.jar:/usr/lib/jvm/java-6-openjdk/jre/lib/sunrsasign.jar:/usr/lib/jvm/java-6-openjdk/jre/lib/jsse.jar:/usr/lib/jvm/java-6-openjdk/jre/lib/jce.jar:/usr/lib/jvm/java-6-openjdk/jre/lib/charsets.jar:/usr/lib/jvm/java-6-openjdk/jre/lib/netx.jar:/usr/lib/jvm/java-6-openjdk/jre/lib/plugin.jar:/usr/lib/jvm/java-6-openjdk/jre/lib/rhino.jar:/usr/lib/jvm/java-6-openjdk/jre/lib/modules/jdk.boot.jar:/usr/lib/jvm/java-6-openjdk/jre/classes" />
    <property name="env.PWD" value="/home/kursjan/doc/eclipse/dpo_ws/2011_pr_composite_builder_iterator" />
    <property name="env.XDG_SESSION_COOKIE" value="c11cfec4277491bef3ccec544d2f53b6-1315423489.780028-756569550" />
    <property name="sun.desktop" value="gnome" />
    <property name="env.LANG" value="en_US.UTF-8" />
    <property name="java.vm.specification.vendor" value="Sun Microsystems Inc." />
    <property name="ant.home" value="/usr/share/ant" />
    <property name="java.runtime.version" value="1.6.0_22-b22" />
    <property name="env.DEFAULTS_PATH" value="/usr/share/gconf/xsession.default.path" />
    <property name="env.DISPLAY" value=":0" />
    <property name="user.name" value="kursjan" />
    <property name="env._" value="/usr/bin/ant" />
    <property name="env.USER" value="kursjan" />
    <property name="env.SHELL" value="/bin/bash" />
    <property name="env.TOP" value="/home/honza2/doc/skola/stx_buildtree/jv+mop/stx/" />
    <property name="ant.file.type.2011_pr_composite_builder_iterator" value="file" />
    <property name="env.DESKTOP_SESSION" value="xsession" />
    <property name="env.XDG_DATA_DIRS" value="/usr/share/xsession:/usr/share/gnome:/usr/local/share/:/usr/share/" />
    <property name="env.PATH" value="/home/kursjan/bin:/usr/local/sbin:/usr/local/bin:/usr/sbin:/usr/bin:/sbin:/bin:/usr/games" />
    <property name="user.language" value="en" />
    <property name="sun.boot.library.path" value="/usr/lib/jvm/java-6-openjdk/jre/lib/i386" />
    <property name="ant.project.default-target" value="build" />
    <property name="ant.project.name" value="2011_pr_composite_builder_iterator" />
    <property name="java.version" value="1.6.0_22" />
    <property name="user.timezone" value="" />
    <property name="env.DBUS_SESSION_BUS_ADDRESS" value="unix:abstract=/tmp/dbus-caQUthyGSg,guid=b8fb10f29a13c37f77f8135200001f55" />
    <property name="sun.arch.data.model" value="32" />
    <property name="env.SSH_AGENT_PID" value="9258" />
    <property name="java.endorsed.dirs" value="/usr/lib/jvm/java-6-openjdk/jre/lib/endorsed" />
    <property name="sun.cpu.isalist" value="" />
    <property name="sun.jnu.encoding" value="UTF-8" />
    <property name="file.encoding.pkg" value="sun.io" />
    <property name="env.SHLVL" value="1" />
    <property name="ECLIPSE_HOME" value="../../../../opt/eclipse_mi-dpo" />
    <property name="file.separator" value="/" />
    <property name="java.specification.name" value="Java Platform API Specification" />
    <property name="env.GNOME_DESKTOP_SESSION_ID" value="this-is-deprecated" />
    <property name="java.class.version" value="50.0" />
    <property name="env.GDMSESSION" value="xsession" />
    <property name="env.GDM_KEYBOARD_LAYOUT" value="us" />
    <property name="user.country" value="US" />
    <property name="env.GNOME_KEYRING_PID" value="9200" />
    <property name="java.home" value="/usr/lib/jvm/java-6-openjdk/jre" />
    <property name="java.vm.info" value="mixed mode" />
    <property name="env.LOGNAME" value="kursjan" />
    <property name="ant.file" value="/home/kursjan/Documents/eclipse/dpo_ws/2011_pr_composite_builder_iterator/build.xml" />
    <property name="os.version" value="2.6.38-10-generic-pae" />
    <property name="path.separator" value=":" />
    <property name="java.vm.version" value="20.0-b11" />
    <property name="env.LANGUAGE" value="en_US:en" />
    <property name="ant.library.dir" value="/usr/share/ant/lib" />
    <property name="junit.output.dir" value="junit" />
    <property name="java.awt.printerjob" value="sun.print.PSPrinterJob" />
    <property name="env.TERM" value="xterm" />
    <property name="env.WINDOWPATH" value="8" />
    <property name="sun.io.unicode.encoding" value="UnicodeLittle" />
    <property name="env.DESKTOP_AUTOSTART_ID" value="1035262e10c3e5a6a5131542349128900100000092200020" />
    <property name="env.GDM_LANG" value="en_US.utf8" />
    <property name="user.home" value="/home/kursjan" />
    <property name="target" value="1.6" />
    <property name="env.OLDPWD" value="/home/kursjan" />
    <property name="java.specification.vendor" value="Sun Microsystems Inc." />
    <property name="java.library.path" value="/usr/lib/jvm/java-6-openjdk/jre/lib/i386/server:/usr/lib/jvm/java-6-openjdk/jre/lib/i386:/usr/lib/jvm/java-6-openjdk/jre/../lib/i386:/usr/java/packages/lib/i386:/usr/lib/i386-linux-gnu/jni:/lib/i386-linux-gnu:/usr/lib/i386-linux-gnu:/usr/lib/jni:/lib:/usr/lib" />
    <property name="java.vendor.url" value="http://java.sun.com/" />
    <property name="java.vm.vendor" value="Sun Microsystems Inc." />
    <property name="ant.file.2011_pr_composite_builder_iterator" value="/home/kursjan/Documents/eclipse/dpo_ws/2011_pr_composite_builder_iterator/build.xml" />
    <property name="java.runtime.name" value="OpenJDK Runtime Environment" />
    <property name="java.class.path" value="/home/kursjan/Documents/eclipse/dpo_ws/2011_pr_composite_builder_iterator/bin:/home/kursjan/Documents/eclipse/dpo_ws/2011_pr_composite_builder_iterator/lib/junit-4.9.jar:/usr/share/ant/lib/junit.jar:/usr/share/java/ant-launcher-1.8.1.jar:/usr/share/ant/lib/ant.jar:/usr/share/ant/lib/ant-junit.jar" />
    <property name="ant.version" value="Apache Ant version 1.8.1 compiled on October 13 2010" />
    <property name="sun.java.command" value="org.apache.tools.ant.taskdefs.optional.junit.JUnitTestRunner cvut.fit.dpo.pr2.ArithmeticExpressionPrinterTest filtertrace=true haltOnError=false haltOnFailure=false formatter=org.apache.tools.ant.taskdefs.optional.junit.OutErrSummaryJUnitResultFormatter showoutput=false outputtoformatters=true logfailedtests=true logtestlistenerevents=true formatter=org.apache.tools.ant.taskdefs.optional.junit.XMLJUnitResultFormatter,/home/kursjan/Documents/eclipse/dpo_ws/2011_pr_composite_builder_iterator/junit/TEST-cvut.fit.dpo.pr2.ArithmeticExpressionPrinterTest.xml crashfile=/home/kursjan/Documents/eclipse/dpo_ws/2011_pr_composite_builder_iterator/junitvmwatcher7843413598710609050.properties propsfile=/home/kursjan/Documents/eclipse/dpo_ws/2011_pr_composite_builder_iterator/junit6066702712370699229.properties" />
    <property name="env.UBUNTU_MENUPROXY" value="libappmenu.so" />
    <property name="java.vm.specification.name" value="Java Virtual Machine Specification" />
    <property name="ant.file.type" value="file" />
    <property name="java.vm.specification.version" value="1.0" />
    <property name="sun.cpu.endian" value="little" />
    <property name="sun.os.patch.level" value="unknown" />
    <property name="env.HOME" value="/home/kursjan" />
    <property name="debuglevel" value="source,lines,vars" />
    <property name="env.LS_COLORS" value="rs=0:di=01;34:ln=01;36:mh=00:pi=40;33:so=01;35:do=01;35:bd=40;33;01:cd=40;33;01:or=40;31;01:su=37;41:sg=30;43:ca=30;41:tw=30;42:ow=34;42:st=37;44:ex=01;32:*.tar=01;31:*.tgz=01;31:*.arj=01;31:*.taz=01;31:*.lzh=01;31:*.lzma=01;31:*.tlz=01;31:*.txz=01;31:*.zip=01;31:*.z=01;31:*.Z=01;31:*.dz=01;31:*.gz=01;31:*.lz=01;31:*.xz=01;31:*.bz2=01;31:*.bz=01;31:*.tbz=01;31:*.tbz2=01;31:*.tz=01;31:*.deb=01;31:*.rpm=01;31:*.jar=01;31:*.rar=01;31:*.ace=01;31:*.zoo=01;31:*.cpio=01;31:*.7z=01;31:*.rz=01;31:*.jpg=01;35:*.jpeg=01;35:*.gif=01;35:*.bmp=01;35:*.pbm=01;35:*.pgm=01;35:*.ppm=01;35:*.tga=01;35:*.xbm=01;35:*.xpm=01;35:*.tif=01;35:*.tiff=01;35:*.png=01;35:*.svg=01;35:*.svgz=01;35:*.mng=01;35:*.pcx=01;35:*.mov=01;35:*.mpg=01;35:*.mpeg=01;35:*.m2v=01;35:*.mkv=01;35:*.ogm=01;35:*.mp4=01;35:*.m4v=01;35:*.mp4v=01;35:*.vob=01;35:*.qt=01;35:*.nuv=01;35:*.wmv=01;35:*.asf=01;35:*.rm=01;35:*.rmvb=01;35:*.flc=01;35:*.avi=01;35:*.fli=01;35:*.flv=01;35:*.gl=01;35:*.dl=01;35:*.xcf=01;35:*.xwd=01;35:*.yuv=01;35:*.cgm=01;35:*.emf=01;35:*.axv=01;35:*.anx=01;35:*.ogv=01;35:*.ogx=01;35:*.aac=00;36:*.au=00;36:*.flac=00;36:*.mid=00;36:*.midi=00;36:*.mka=00;36:*.mp3=00;36:*.mpc=00;36:*.ogg=00;36:*.ra=00;36:*.wav=00;36:*.axa=00;36:*.oga=00;36:*.spx=00;36:*.xspf=00;36:" />
    <property name="env.LD_LIBRARY_PATH" value="/usr/lib/jvm/java-6-openjdk/jre/lib/i386/server:/usr/lib/jvm/java-6-openjdk/jre/lib/i386:/usr/lib/jvm/java-6-openjdk/jre/../lib/i386" />
    <property name="java.io.tmpdir" value="/tmp" />
    <property name="java.vendor.url.bug" value="http://java.sun.com/cgi-bin/bugreport.cgi" />
    <property name="env.VISUALWORKS" value="/home/honza2/vw7.7nc" />
    <property name="env.SSH_AUTH_SOCK" value="/tmp/keyring-TPrClY/ssh" />
    <property name="java.awt.graphicsenv" value="sun.awt.X11GraphicsEnvironment" />
    <property name="os.arch" value="i386" />
    <property name="java.ext.dirs" value="/usr/lib/jvm/java-6-openjdk/jre/lib/ext:/usr/java/packages/lib/ext" />
    <property name="user.dir" value="/home/kursjan/Documents/eclipse/dpo_ws/2011_pr_composite_builder_iterator" />
    <property name="env.XAUTHORITY" value="/var/run/gdm/auth-for-kursjan-AGn5r1/database" />
    <property name="env.MANDATORY_PATH" value="/usr/share/gconf/xsession.mandatory.path" />
    <property name="env.SPEECHD_PORT" value="7560" />
    <property name="env.GTK_MODULES" value="canberra-gtk-module:canberra-gtk-module" />
    <property name="line.separator" value="
" />
    <property name="java.vm.name" value="OpenJDK Server VM" />
    <property name="basedir" value="/home/kursjan/Documents/eclipse/dpo_ws/2011_pr_composite_builder_iterator" />
    <property name="ant.java.version" value="1.6" />
    <property name="env.ORBIT_SOCKETDIR" value="/tmp/orbit-kursjan" />
    <property name="ant.core.lib" value="/usr/share/ant/lib/ant.jar" />
    <property name="env.USERNAME" value="kursjan" />
    <property name="source" value="1.6" />
    <property name="file.encoding" value="UTF-8" />
    <property name="env.GPG_AGENT_INFO" value="/tmp/keyring-TPrClY/gpg:0:1" />
    <property name="java.specification.version" value="1.6" />
    <property name="env.GNOME_KEYRING_CONTROL" value="/tmp/keyring-TPrClY" />
    <property name="env.XDG_CONFIG_DIRS" value="/etc/xdg/xdg-xsession:/etc/xdg" />
    <property name="ant.project.invoked-targets" value="src-test" />
    <property name="env.STX_MAKEFILES" value="/home/honza2/doc/skola/stx_buildtree/jv+mop/stx/makefiles" />
    <property name="env.LESSCLOSE" value="/usr/bin/lesspipe %s %s" />
  </properties>
  <testcase classname="cvut.fit.dpo.pr2.ArithmeticExpressionPrinterTest" name="testPrintInOrder1" time="0.007" />
  <testcase classname="cvut.fit.dpo.pr2.ArithmeticExpressionPrinterTest" name="testPrintInOrder2" time="0.0" />
  <testcase classname="cvut.fit.dpo.pr2.ArithmeticExpressionPrinterTest" name="testPrintInOrder3" time="0.007">
    <error message="Don&apos;t know how to do it :(" type="java.lang.UnsupportedOperationException">java.lang.UnsupportedOperationException: Don&apos;t know how to do it :(
	at cvut.fit.dpo.pr2.ArithmeticExpressionCreator.createExpressionFromRPN(ArithmeticExpressionCreator.java:72)
	at cvut.fit.dpo.pr2.ArithmeticExpressionPrinterTest.testPrintInOrder3(ArithmeticExpressionPrinterTest.java:36)
</error>
  </testcase>
  <testcase classname="cvut.fit.dpo.pr2.ArithmeticExpressionPrinterTest" name="testPrintInOrder4" time="0.001">
    <error message="Don&apos;t know how to do it :(" type="java.lang.UnsupportedOperationException">java.lang.UnsupportedOperationException: Don&apos;t know how to do it :(
	at cvut.fit.dpo.pr2.ArithmeticExpressionCreator.createExpressionFromRPN(ArithmeticExpressionCreator.java:72)
	at cvut.fit.dpo.pr2.ArithmeticExpressionPrinterTest.testPrintInOrder4(ArithmeticExpressionPrinterTest.java:46)
</error>
  </testcase>
  <testcase classname="cvut.fit.dpo.pr2.ArithmeticExpressionPrinterTest" name="testPrintPostOrder1" time="0.0" />
  <testcase classname="cvut.fit.dpo.pr2.ArithmeticExpressionPrinterTest" name="testPrintPostOrder2" time="0.0" />
  <testcase classname="cvut.fit.dpo.pr2.ArithmeticExpressionPrinterTest" name="testPrintPostOrder3" time="0.002">
    <error message="Don&apos;t know how to do it :(" type="java.lang.UnsupportedOperationException">java.lang.UnsupportedOperationException: Don&apos;t know how to do it :(
	at cvut.fit.dpo.pr2.ArithmeticExpressionCreator.createExpressionFromRPN(ArithmeticExpressionCreator.java:72)
	at cvut.fit.dpo.pr2.ArithmeticExpressionPrinterTest.testPrintPostOrder3(ArithmeticExpressionPrinterTest.java:76)
</error>
  </testcase>
  <testcase classname="cvut.fit.dpo.pr2.ArithmeticExpressionPrinterTest" name="testPrintPostOrder4" time="0.001">
    <error message="Don&apos;t know how to do it :(" type="java.lang.UnsupportedOperationException">java.lang.UnsupportedOperationException: Don&apos;t know how to do it :(
	at cvut.fit.dpo.pr2.ArithmeticExpressionCreator.createExpressionFromRPN(ArithmeticExpressionCreator.java:72)
	at cvut.fit.dpo.pr2.ArithmeticExpressionPrinterTest.testPrintPostOrder4(ArithmeticExpressionPrinterTest.java:86)
</error>
  </testcase>
  <system-out><![CDATA[]]></system-out>
  <system-err><![CDATA[]]></system-err>
</testsuite>
